# JRE version: OpenJDK Runtime Environment (8.0_212-b04) (build 1.8.0_212-release-1586-b04)
# Java VM: OpenJDK 64-Bit Server VM (25.212-b04 mixed mode windows-amd64 compressed oops)
Heap:
 PSYoungGen      total 81920K, used 61875K [0x00000000e0000000, 0x00000000e7e80000, 0x0000000100000000)
  eden space 78336K, 78% used [0x00000000e0000000,0x00000000e3c6cc30,0x00000000e4c80000)
  from space 3584K, 0% used [0x00000000e7b00000,0x00000000e7b00000,0x00000000e7e80000)
  to   space 14336K, 0% used [0x00000000e6280000,0x00000000e6280000,0x00000000e7080000)
 ParOldGen       total 89088K, used 11603K [0x00000000a0000000, 0x00000000a5700000, 0x00000000e0000000)
  object space 89088K, 13% used [0x00000000a0000000,0x00000000a0b54d10,0x00000000a5700000)
 Metaspace       used 30565K, capacity 31160K, committed 31360K, reserved 1077248K
  class space    used 4156K, capacity 4367K, committed 4480K, reserved 1048576K
GC Heap History (10 events):
Event: 3.483 GC heap before
{Heap before GC invocations=5 (full 1):
 PSYoungGen      total 74752K, used 7687K [0x00000000e0000000, 0x00000000e9200000, 0x0000000100000000)
  eden space 64512K, 0% used [0x00000000e0000000,0x00000000e0000000,0x00000000e3f00000)
  from space 10240K, 75% used [0x00000000e4900000,0x00000000e5081f58,0x00000000e5300000)
  to   space 10240K, 0% used [0x00000000e3f00000,0x00000000e3f00000,0x00000000e4900000)
 ParOldGen       total 171008K, used 1886K [0x00000000a0000000, 0x00000000aa700000, 0x00000000e0000000)
  object space 171008K, 1% used [0x00000000a0000000,0x00000000a01d79d0,0x00000000aa700000)
 Metaspace       used 20629K, capacity 21174K, committed 21296K, reserved 1067008K
  class space    used 2976K, capacity 3133K, committed 3200K, reserved 1048576K
Event: 3.517 GC heap after
Heap after GC invocations=5 (full 1):
 PSYoungGen      total 74752K, used 0K [0x00000000e0000000, 0x00000000e9200000, 0x0000000100000000)
  eden space 64512K, 0% used [0x00000000e0000000,0x00000000e0000000,0x00000000e3f00000)
  from space 10240K, 0% used [0x00000000e4900000,0x00000000e4900000,0x00000000e5300000)
  to   space 10240K, 0% used [0x00000000e3f00000,0x00000000e3f00000,0x00000000e4900000)
 ParOldGen       total 89088K, used 7456K [0x00000000a0000000, 0x00000000a5700000, 0x00000000e0000000)
  object space 89088K, 8% used [0x00000000a0000000,0x00000000a0748140,0x00000000a5700000)
 Metaspace       used 20629K, capacity 21174K, committed 21296K, reserved 1067008K
  class space    used 2976K, capacity 3133K, committed 3200K, reserved 1048576K
}
Event: 3.800 GC heap before
{Heap before GC invocations=6 (full 1):
 PSYoungGen      total 74752K, used 13218K [0x00000000e0000000, 0x00000000e9200000, 0x0000000100000000)
  eden space 64512K, 20% used [0x00000000e0000000,0x00000000e0ce8920,0x00000000e3f00000)
  from space 10240K, 0% used [0x00000000e4900000,0x00000000e4900000,0x00000000e5300000)
  to   space 10240K, 0% used [0x00000000e3f00000,0x00000000e3f00000,0x00000000e4900000)
 ParOldGen       total 89088K, used 7456K [0x00000000a0000000, 0x00000000a5700000, 0x00000000e0000000)
  object space 89088K, 8% used [0x00000000a0000000,0x00000000a0748140,0x00000000a5700000)
 Metaspace       used 24174K, capacity 24694K, committed 24832K, reserved 1075200K
  class space    used 3356K, capacity 3517K, committed 3584K, reserved 1048576K
Event: 3.803 GC heap after
Heap after GC invocations=6 (full 1):
 PSYoungGen      total 74752K, used 3049K [0x00000000e0000000, 0x00000000e8900000, 0x0000000100000000)
  eden space 64512K, 0% used [0x00000000e0000000,0x00000000e0000000,0x00000000e3f00000)
  from space 10240K, 29% used [0x00000000e3f00000,0x00000000e41fa550,0x00000000e4900000)
  to   space 14336K, 0% used [0x00000000e7b00000,0x00000000e7b00000,0x00000000e8900000)
 ParOldGen       total 89088K, used 7464K [0x00000000a0000000, 0x00000000a5700000, 0x00000000e0000000)
  object space 89088K, 8% used [0x00000000a0000000,0x00000000a074a140,0x00000000a5700000)
 Metaspace       used 24174K, capacity 24694K, committed 24832K, reserved 1075200K
  class space    used 3356K, capacity 3517K, committed 3584K, reserved 1048576K
}
Event: 3.803 GC heap before
{Heap before GC invocations=7 (full 2):
 PSYoungGen      total 74752K, used 3049K [0x00000000e0000000, 0x00000000e8900000, 0x0000000100000000)
  eden space 64512K, 0% used [0x00000000e0000000,0x00000000e0000000,0x00000000e3f00000)
  from space 10240K, 29% used [0x00000000e3f00000,0x00000000e41fa550,0x00000000e4900000)
  to   space 14336K, 0% used [0x00000000e7b00000,0x00000000e7b00000,0x00000000e8900000)
 ParOldGen       total 89088K, used 7464K [0x00000000a0000000, 0x00000000a5700000, 0x00000000e0000000)
  object space 89088K, 8% used [0x00000000a0000000,0x00000000a074a140,0x00000000a5700000)
 Metaspace       used 24174K, capacity 24694K, committed 24832K, reserved 1075200K
  class space    used 3356K, capacity 3517K, committed 3584K, reserved 1048576K
Event: 3.851 GC heap after
Heap after GC invocations=7 (full 2):
 PSYoungGen      total 74752K, used 0K [0x00000000e0000000, 0x00000000e8900000, 0x0000000100000000)
  eden space 64512K, 0% used [0x00000000e0000000,0x00000000e0000000,0x00000000e3f00000)
  from space 10240K, 0% used [0x00000000e3f00000,0x00000000e3f00000,0x00000000e4900000)
  to   space 14336K, 0% used [0x00000000e7b00000,0x00000000e7b00000,0x00000000e8900000)
 ParOldGen       total 89088K, used 9947K [0x00000000a0000000, 0x00000000a5700000, 0x00000000e0000000)
  object space 89088K, 11% used [0x00000000a0000000,0x00000000a09b6f70,0x00000000a5700000)
 Metaspace       used 24174K, capacity 24694K, committed 24832K, reserved 1073152K
  class space    used 3356K, capacity 3517K, committed 3584K, reserved 1048576K
}
Event: 4.158 GC heap before
{Heap before GC invocations=8 (full 2):
 PSYoungGen      total 74752K, used 29775K [0x00000000e0000000, 0x00000000e8900000, 0x0000000100000000)
  eden space 64512K, 46% used [0x00000000e0000000,0x00000000e1d13f88,0x00000000e3f00000)
  from space 10240K, 0% used [0x00000000e3f00000,0x00000000e3f00000,0x00000000e4900000)
  to   space 14336K, 0% used [0x00000000e7b00000,0x00000000e7b00000,0x00000000e8900000)
 ParOldGen       total 89088K, used 9947K [0x00000000a0000000, 0x00000000a5700000, 0x00000000e0000000)
  object space 89088K, 11% used [0x00000000a0000000,0x00000000a09b6f70,0x00000000a5700000)
 Metaspace       used 26916K, capacity 27502K, committed 27648K, reserved 1075200K
  class space    used 3648K, capacity 3810K, committed 3840K, reserved 1048576K
Event: 4.161 GC heap after
Heap after GC invocations=8 (full 2):
 PSYoungGen      total 81920K, used 3090K [0x00000000e0000000, 0x00000000e7e80000, 0x0000000100000000)
  eden space 78336K, 0% used [0x00000000e0000000,0x00000000e0000000,0x00000000e4c80000)
  from space 3584K, 86% used [0x00000000e7b00000,0x00000000e7e04a18,0x00000000e7e80000)
  to   space 14336K, 0% used [0x00000000e6280000,0x00000000e6280000,0x00000000e7080000)
 ParOldGen       total 89088K, used 9955K [0x00000000a0000000, 0x00000000a5700000, 0x00000000e0000000)
  object space 89088K, 11% used [0x00000000a0000000,0x00000000a09b8f70,0x00000000a5700000)
 Metaspace       used 26916K, capacity 27502K, committed 27648K, reserved 1075200K
  class space    used 3648K, capacity 3810K, committed 3840K, reserved 1048576K
}
Event: 4.161 GC heap before
{Heap before GC invocations=9 (full 3):
 PSYoungGen      total 81920K, used 3090K [0x00000000e0000000, 0x00000000e7e80000, 0x0000000100000000)
  eden space 78336K, 0% used [0x00000000e0000000,0x00000000e0000000,0x00000000e4c80000)
  from space 3584K, 86% used [0x00000000e7b00000,0x00000000e7e04a18,0x00000000e7e80000)
  to   space 14336K, 0% used [0x00000000e6280000,0x00000000e6280000,0x00000000e7080000)
 ParOldGen       total 89088K, used 9955K [0x00000000a0000000, 0x00000000a5700000, 0x00000000e0000000)
  object space 89088K, 11% used [0x00000000a0000000,0x00000000a09b8f70,0x00000000a5700000)
 Metaspace       used 26916K, capacity 27502K, committed 27648K, reserved 1075200K
  class space    used 3648K, capacity 3810K, committed 3840K, reserved 1048576K
Event: 4.262 GC heap after
Heap after GC invocations=9 (full 3):
 PSYoungGen      total 81920K, used 0K [0x00000000e0000000, 0x00000000e7e80000, 0x0000000100000000)
  eden space 78336K, 0% used [0x00000000e0000000,0x00000000e0000000,0x00000000e4c80000)
  from space 3584K, 0% used [0x00000000e7b00000,0x00000000e7b00000,0x00000000e7e80000)
  to   space 14336K, 0% used [0x00000000e6280000,0x00000000e6280000,0x00000000e7080000)
 ParOldGen       total 89088K, used 11603K [0x00000000a0000000, 0x00000000a5700000, 0x00000000e0000000)
  object space 89088K, 13% used [0x00000000a0000000,0x00000000a0b54d10,0x00000000a5700000)
 Metaspace       used 26916K, capacity 27502K, committed 27648K, reserved 1075200K
  class space    used 3648K, capacity 3810K, committed 3840K, reserved 1048576K
}

