# JRE version: OpenJDK Runtime Environment (8.0_212-b04) (build 1.8.0_212-release-1586-b04)
# Java VM: OpenJDK 64-Bit Server VM (25.212-b04 mixed mode windows-amd64 compressed oops)
Heap:
 PSYoungGen      total 320000K, used 89815K [0x00000000e0000000, 0x00000000fcf80000, 0x0000000100000000)
  eden space 279040K, 17% used [0x00000000e0000000,0x00000000e2fbb298,0x00000000f1080000)
  from space 40960K, 99% used [0x00000000f1080000,0x00000000f387abd8,0x00000000f3880000)
  to   space 69120K, 0% used [0x00000000f8c00000,0x00000000f8c00000,0x00000000fcf80000)
 ParOldGen       total 209920K, used 138648K [0x00000000a0000000, 0x00000000acd00000, 0x00000000e0000000)
  object space 209920K, 66% used [0x00000000a0000000,0x00000000a8766340,0x00000000acd00000)
 Metaspace       used 88904K, capacity 93514K, committed 93848K, reserved 1130496K
  class space    used 11887K, capacity 12842K, committed 12952K, reserved 1048576K
GC Heap History (10 events):
Event: 12.020 GC heap before
{Heap before GC invocations=14 (full 3):
 PSYoungGen      total 218112K, used 199168K [0x00000000e0000000, 0x00000000f0b00000, 0x0000000100000000)
  eden space 199168K, 100% used [0x00000000e0000000,0x00000000ec280000,0x00000000ec280000)
  from space 18944K, 0% used [0x00000000ed700000,0x00000000ed700000,0x00000000ee980000)
  to   space 20992K, 0% used [0x00000000ec280000,0x00000000ec280000,0x00000000ed700000)
 ParOldGen       total 209920K, used 33849K [0x00000000a0000000, 0x00000000acd00000, 0x00000000e0000000)
  object space 209920K, 16% used [0x00000000a0000000,0x00000000a210e7d0,0x00000000acd00000)
 Metaspace       used 66380K, capacity 69464K, committed 69528K, reserved 1110016K
  class space    used 9197K, capacity 9820K, committed 9880K, reserved 1048576K
Event: 12.038 GC heap after
Heap after GC invocations=14 (full 3):
 PSYoungGen      total 220160K, used 17016K [0x00000000e0000000, 0x00000000f1800000, 0x0000000100000000)
  eden space 199168K, 0% used [0x00000000e0000000,0x00000000e0000000,0x00000000ec280000)
  from space 20992K, 81% used [0x00000000ec280000,0x00000000ed31e388,0x00000000ed700000)
  to   space 22016K, 0% used [0x00000000f0280000,0x00000000f0280000,0x00000000f1800000)
 ParOldGen       total 209920K, used 33857K [0x00000000a0000000, 0x00000000acd00000, 0x00000000e0000000)
  object space 209920K, 16% used [0x00000000a0000000,0x00000000a21107d0,0x00000000acd00000)
 Metaspace       used 66380K, capacity 69464K, committed 69528K, reserved 1110016K
  class space    used 9197K, capacity 9820K, committed 9880K, reserved 1048576K
}
Event: 13.775 GC heap before
{Heap before GC invocations=15 (full 3):
 PSYoungGen      total 220160K, used 216184K [0x00000000e0000000, 0x00000000f1800000, 0x0000000100000000)
  eden space 199168K, 100% used [0x00000000e0000000,0x00000000ec280000,0x00000000ec280000)
  from space 20992K, 81% used [0x00000000ec280000,0x00000000ed31e388,0x00000000ed700000)
  to   space 22016K, 0% used [0x00000000f0280000,0x00000000f0280000,0x00000000f1800000)
 ParOldGen       total 209920K, used 33857K [0x00000000a0000000, 0x00000000acd00000, 0x00000000e0000000)
  object space 209920K, 16% used [0x00000000a0000000,0x00000000a21107d0,0x00000000acd00000)
 Metaspace       used 68873K, capacity 72028K, committed 72216K, reserved 1112064K
  class space    used 9354K, capacity 9948K, committed 10008K, reserved 1048576K
Event: 13.800 GC heap after
Heap after GC invocations=15 (full 3):
 PSYoungGen      total 260608K, used 22004K [0x00000000e0000000, 0x00000000f1e80000, 0x0000000100000000)
  eden space 238592K, 0% used [0x00000000e0000000,0x00000000e0000000,0x00000000ee900000)
  from space 22016K, 99% used [0x00000000f0280000,0x00000000f17fd088,0x00000000f1800000)
  to   space 26112K, 0% used [0x00000000ee900000,0x00000000ee900000,0x00000000f0280000)
 ParOldGen       total 209920K, used 37499K [0x00000000a0000000, 0x00000000acd00000, 0x00000000e0000000)
  object space 209920K, 17% used [0x00000000a0000000,0x00000000a249eef0,0x00000000acd00000)
 Metaspace       used 68873K, capacity 72028K, committed 72216K, reserved 1112064K
  class space    used 9354K, capacity 9948K, committed 10008K, reserved 1048576K
}
Event: 29.651 GC heap before
{Heap before GC invocations=16 (full 3):
 PSYoungGen      total 260608K, used 260596K [0x00000000e0000000, 0x00000000f1e80000, 0x0000000100000000)
  eden space 238592K, 100% used [0x00000000e0000000,0x00000000ee900000,0x00000000ee900000)
  from space 22016K, 99% used [0x00000000f0280000,0x00000000f17fd088,0x00000000f1800000)
  to   space 26112K, 0% used [0x00000000ee900000,0x00000000ee900000,0x00000000f0280000)
 ParOldGen       total 209920K, used 37499K [0x00000000a0000000, 0x00000000acd00000, 0x00000000e0000000)
  object space 209920K, 17% used [0x00000000a0000000,0x00000000a249eef0,0x00000000acd00000)
 Metaspace       used 74150K, capacity 77834K, committed 77976K, reserved 1116160K
  class space    used 9834K, capacity 10604K, committed 10648K, reserved 1048576K
Event: 29.700 GC heap after
Heap after GC invocations=16 (full 3):
 PSYoungGen      total 264704K, used 26086K [0x00000000e0000000, 0x00000000f5e00000, 0x0000000100000000)
  eden space 238592K, 0% used [0x00000000e0000000,0x00000000e0000000,0x00000000ee900000)
  from space 26112K, 99% used [0x00000000ee900000,0x00000000f0279af0,0x00000000f0280000)
  to   space 38400K, 0% used [0x00000000f3880000,0x00000000f3880000,0x00000000f5e00000)
 ParOldGen       total 209920K, used 61659K [0x00000000a0000000, 0x00000000acd00000, 0x00000000e0000000)
  object space 209920K, 29% used [0x00000000a0000000,0x00000000a3c36fe0,0x00000000acd00000)
 Metaspace       used 74150K, capacity 77834K, committed 77976K, reserved 1116160K
  class space    used 9834K, capacity 10604K, committed 10648K, reserved 1048576K
}
Event: 33.007 GC heap before
{Heap before GC invocations=17 (full 3):
 PSYoungGen      total 264704K, used 264678K [0x00000000e0000000, 0x00000000f5e00000, 0x0000000100000000)
  eden space 238592K, 100% used [0x00000000e0000000,0x00000000ee900000,0x00000000ee900000)
  from space 26112K, 99% used [0x00000000ee900000,0x00000000f0279af0,0x00000000f0280000)
  to   space 38400K, 0% used [0x00000000f3880000,0x00000000f3880000,0x00000000f5e00000)
 ParOldGen       total 209920K, used 61659K [0x00000000a0000000, 0x00000000acd00000, 0x00000000e0000000)
  object space 209920K, 29% used [0x00000000a0000000,0x00000000a3c36fe0,0x00000000acd00000)
 Metaspace       used 82648K, capacity 86740K, committed 86936K, reserved 1124352K
  class space    used 10973K, capacity 11843K, committed 11928K, reserved 1048576K
Event: 33.049 GC heap after
Heap after GC invocations=17 (full 3):
 PSYoungGen      total 317440K, used 28776K [0x00000000e0000000, 0x00000000f6280000, 0x0000000100000000)
  eden space 279040K, 0% used [0x00000000e0000000,0x00000000e0000000,0x00000000f1080000)
  from space 38400K, 74% used [0x00000000f3880000,0x00000000f549a200,0x00000000f5e00000)
  to   space 40960K, 0% used [0x00000000f1080000,0x00000000f1080000,0x00000000f3880000)
 ParOldGen       total 209920K, used 78715K [0x00000000a0000000, 0x00000000acd00000, 0x00000000e0000000)
  object space 209920K, 37% used [0x00000000a0000000,0x00000000a4cdec10,0x00000000acd00000)
 Metaspace       used 82648K, capacity 86740K, committed 86936K, reserved 1124352K
  class space    used 10973K, capacity 11843K, committed 11928K, reserved 1048576K
}
Event: 37.611 GC heap before
{Heap before GC invocations=18 (full 3):
 PSYoungGen      total 317440K, used 307816K [0x00000000e0000000, 0x00000000f6280000, 0x0000000100000000)
  eden space 279040K, 100% used [0x00000000e0000000,0x00000000f1080000,0x00000000f1080000)
  from space 38400K, 74% used [0x00000000f3880000,0x00000000f549a200,0x00000000f5e00000)
  to   space 40960K, 0% used [0x00000000f1080000,0x00000000f1080000,0x00000000f3880000)
 ParOldGen       total 209920K, used 78715K [0x00000000a0000000, 0x00000000acd00000, 0x00000000e0000000)
  object space 209920K, 37% used [0x00000000a0000000,0x00000000a4cdec10,0x00000000acd00000)
 Metaspace       used 88734K, capacity 93322K, committed 93592K, reserved 1130496K
  class space    used 11887K, capacity 12842K, committed 12952K, reserved 1048576K
Event: 37.734 GC heap after
Heap after GC invocations=18 (full 3):
 PSYoungGen      total 320000K, used 40938K [0x00000000e0000000, 0x00000000fcf80000, 0x0000000100000000)
  eden space 279040K, 0% used [0x00000000e0000000,0x00000000e0000000,0x00000000f1080000)
  from space 40960K, 99% used [0x00000000f1080000,0x00000000f387abd8,0x00000000f3880000)
  to   space 69120K, 0% used [0x00000000f8c00000,0x00000000f8c00000,0x00000000fcf80000)
 ParOldGen       total 209920K, used 138648K [0x00000000a0000000, 0x00000000acd00000, 0x00000000e0000000)
  object space 209920K, 66% used [0x00000000a0000000,0x00000000a8766340,0x00000000acd00000)
 Metaspace       used 88734K, capacity 93322K, committed 93592K, reserved 1130496K
  class space    used 11887K, capacity 12842K, committed 12952K, reserved 1048576K
}

